<?xml version="1.0" encoding="UTF-8"?>
<testng-results ignored="0" total="1" passed="1" failed="0" skipped="0">
  <reporter-output>
  </reporter-output>
  <suite started-at="2024-04-22T11:49:07 IST" name="Default suite" finished-at="2024-04-22T11:49:37 IST" duration-ms="30724">
    <groups>
      <group name="cucumber">
        <method signature="AbstractTestNGCucumberTests.runScenario(io.cucumber.testng.PickleWrapper,io.cucumber.testng.FeatureWrapper)[pri:0, instance:APay.Apay_Runner@18271936]" name="runScenario" class="io.cucumber.testng.AbstractTestNGCucumberTests"/>
      </group> <!-- cucumber -->
    </groups>
    <test started-at="2024-04-22T11:49:07 IST" name="Default test" finished-at="2024-04-22T11:49:37 IST" duration-ms="30724">
      <class name="APay.Apay_Runner">
        <test-method is-config="true" signature="setUpClass(org.testng.ITestContext)[pri:0, instance:APay.Apay_Runner@18271936]" started-at="2024-04-22T11:49:07 IST" name="setUpClass" finished-at="2024-04-22T11:49:07 IST" duration-ms="518" status="PASS">
          <params>
            <param index="0">
              <value>
                <![CDATA[org.testng.TestRunner@1b90fee4]]>
              </value>
            </param>
          </params>
          <reporter-output>
          </reporter-output>
        </test-method> <!-- setUpClass -->
        <test-method signature="runScenario(io.cucumber.testng.PickleWrapper,io.cucumber.testng.FeatureWrapper)[pri:0, instance:APay.Apay_Runner@18271936]" started-at="2024-04-22T11:49:07 IST" name="runScenario" description="Runs Cucumber Scenarios" data-provider="scenarios" finished-at="2024-04-22T11:49:37 IST" duration-ms="29896" status="PASS">
          <params>
            <param index="0">
              <value>
                <![CDATA["To Quote and book in Apay"]]>
              </value>
            </param>
            <param index="1">
              <value>
                <![CDATA["APay Login"]]>
              </value>
            </param>
          </params>
          <reporter-output>
          </reporter-output>
        </test-method> <!-- runScenario -->
        <test-method is-config="true" signature="tearDownClass()[pri:0, instance:APay.Apay_Runner@18271936]" started-at="2024-04-22T11:49:37 IST" name="tearDownClass" finished-at="2024-04-22T11:49:37 IST" duration-ms="257" status="PASS">
          <reporter-output>
          </reporter-output>
        </test-method> <!-- tearDownClass -->
      </class> <!-- APay.Apay_Runner -->
    </test> <!-- Default test -->
  </suite> <!-- Default suite -->
</testng-results>
